#
# A fatal error has been detected by the Java Runtime Environment:
#
#  Internal Error (os_windows_x86.cpp:144), pid=16236, tid=0x0000000000003a44
#  guarantee(result == EXCEPTION_CONTINUE_EXECUTION) failed: Unexpected result from topLevelExceptionFilter
#
# JRE version: Java(TM) SE Runtime Environment (8.0_291-b10) (build 1.8.0_291-b10)
# Java VM: Java HotSpot(TM) 64-Bit Server VM (25.291-b10 mixed mode windows-amd64 compressed oops)
# Failed to write core dump. Minidumps are not enabled by default on client versions of Windows
#
# If you would like to submit a bug report, please visit:
#   http://bugreport.java.com/bugreport/crash.jsp
# The crash happened outside the Java Virtual Machine in native code.
# See problematic frame for where to report the bug.
#

---------------  T H R E A D  ---------------

Current thread (0x000001daf1901000):  JavaThread "Python Reference Queue" daemon [_thread_in_native, id=14916, stack(0x00000003b3180000,0x00000003b3370000)]

Stack: [0x00000003b3180000,0x00000003b3370000]
Native frames: (J=compiled Java code, j=interpreted, Vv=VM code, C=native code)
C  0x0000000056adea19
C  0x0000000056a25462
C  0x0000000056a2610d
C  0x0000000056a1cac7
C  0x0000000056ade69c
C  [ntdll.dll+0xa209f]
C  [ntdll.dll+0x51454]
C  [ntdll.dll+0xa0bce]
C  [tcl86t.dll+0xe735d]
C  [tcl86t.dll+0xe7392]
C  [tcl86t.dll+0x13884]
C  [tcl86t.dll+0x16393]
C  [_tkinter.pyd+0x414c]
C  [python37.dll+0x3e54d]
C  [python37.dll+0x3c626]
C  [python37.dll+0x3e54d]
C  [python37.dll+0x685ef]
C  [python37.dll+0x11cfb]
C  [python37.dll+0x12198]
C  [python37.dll+0x119e0]
C  [python37.dll+0x10d77]
C  0x00007ffa00a1c534
C  0x000001da80019f4e

Java frames: (J=compiled Java code, j=interpreted, Vv=VM code)
j  org.jpype.ref.JPypeReferenceNative.wake()V+0
j  org.jpype.ref.JPypeReferenceQueue$Worker.run()V+42
j  java.lang.Thread.run()V+11
v  ~StubRoutines::call_stub

---------------  P R O C E S S  ---------------

Java Threads: ( => current thread )
=>0x000001daf1901000 JavaThread "Python Reference Queue" daemon [_thread_in_native, id=14916, stack(0x00000003b3180000,0x00000003b3370000)]
  0x000001daf18ff800 JavaThread "Service Thread" daemon [_thread_blocked, id=16372, stack(0x00000003b2da0000,0x00000003b2f90000)]
  0x000001daf1900000 JavaThread "C1 CompilerThread2" daemon [_thread_blocked, id=6580, stack(0x00000003b2bb0000,0x00000003b2da0000)]
  0x000001daf1904800 JavaThread "C2 CompilerThread1" daemon [_thread_blocked, id=16364, stack(0x00000003b29c0000,0x00000003b2bb0000)]
  0x000001daf18f8000 JavaThread "C2 CompilerThread0" daemon [_thread_blocked, id=2552, stack(0x00000003b27d0000,0x00000003b29c0000)]
  0x000001daf18fe800 JavaThread "Attach Listener" daemon [_thread_blocked, id=5232, stack(0x00000003b25e0000,0x00000003b27d0000)]
  0x000001daf18fc800 JavaThread "Signal Dispatcher" daemon [_thread_blocked, id=8540, stack(0x00000003b23f0000,0x00000003b25e0000)]
  0x000001daf18f7000 JavaThread "Finalizer" daemon [_thread_blocked, id=1728, stack(0x00000003b2200000,0x00000003b23f0000)]
  0x000001dafa394000 JavaThread "Reference Handler" daemon [_thread_blocked, id=15624, stack(0x00000003b2010000,0x00000003b2200000)]
  0x000001dafa067800 JavaThread "main" [_thread_in_native, id=6088, stack(0x00000003ad400000,0x00000003ad5f0000)]

Other Threads:
  0x000001dafa379000 VMThread [stack: 0x00000003b1e20000,0x00000003b2010000] [id=7756]
  0x000001dafa49a000 WatcherThread [stack: 0x00000003b2f90000,0x00000003b3180000] [id=7620]

VM state:not at safepoint (normal execution)

VM Mutex/Monitor currently owned by a thread: None

heap address: 0x00000000c0000000, size: 1024 MB, Compressed Oops mode: 32-bit
Narrow klass base: 0x0000000000000000, Narrow klass shift: 3
Compressed class space size: 1073741824 Address: 0x0000000100000000

Heap:
 PSYoungGen      total 153088K, used 152K [0x00000000eab00000, 0x00000000f5580000, 0x0000000100000000)
  eden space 131584K, 0% used [0x00000000eab00000,0x00000000eab262f8,0x00000000f2b80000)
  from space 21504K, 0% used [0x00000000f4080000,0x00000000f4080000,0x00000000f5580000)
  to   space 21504K, 0% used [0x00000000f2b80000,0x00000000f2b80000,0x00000000f4080000)
 ParOldGen       total 349696K, used 71512K [0x00000000c0000000, 0x00000000d5580000, 0x00000000eab00000)
  object space 349696K, 20% used [0x00000000c0000000,0x00000000c45d62d8,0x00000000d5580000)
 Metaspace       used 13658K, capacity 14308K, committed 14592K, reserved 1060864K
  class space    used 2047K, capacity 2205K, committed 2304K, reserved 1048576K

Card table byte_map: [0x000001dafbf00000,0x000001dafc110000] byte_map_base: 0x000001dafb900000

Marking Bits: (ParMarkBitMap*) 0x0000000056f97fe0
 Begin Bits: [0x000001dafc270000, 0x000001dafd270000)
 End Bits:   [0x000001dafd270000, 0x000001dafe270000)

Polling page: 0x000001dafbb10000

CodeCache: size=245760Kb used=7969Kb max_used=8922Kb free=237790Kb
 bounds [0x000001da80000000, 0x000001da808c0000, 0x000001da8f000000]
 total_blobs=2822 nmethods=2451 adapters=282
 compilation: enabled

Compilation events (10 events):
Event: 10389.184 Thread 0x000001daf1900000 2863       1       scala.collection.mutable.DefaultEntry::value (5 bytes)
Event: 10389.184 Thread 0x000001daf1900000 nmethod 2863 0x000001da80227bd0 code [0x000001da80227d20, 0x000001da80227e38]
Event: 10555.336 Thread 0x000001daf1900000 2864       1       org.openkoreantext.processor.util.KoreanPos$::Adjective (5 bytes)
Event: 10555.336 Thread 0x000001daf1900000 nmethod 2864 0x000001da8024a990 code [0x000001da8024aae0, 0x000001da8024abf8]
Event: 10961.855 Thread 0x000001daf18f8000 2865       4       scala.collection.generic.GenericTraversableTemplate::newBuilder$ (5 bytes)
Event: 10961.856 Thread 0x000001daf18f8000 nmethod 2865 0x000001da802e7310 code [0x000001da802e7460, 0x000001da802e7538]
Event: 10980.987 Thread 0x000001daf18f8000 2866       4       scala.Symbol::equals (9 bytes)
Event: 10980.988 Thread 0x000001daf18f8000 nmethod 2866 0x000001da80364210 code [0x000001da80364340, 0x000001da803643b8]
Event: 11094.138 Thread 0x000001daf1900000 2867       3       java.lang.String::valueOf (14 bytes)
Event: 11094.138 Thread 0x000001daf1900000 nmethod 2867 0x000001da8011a810 code [0x000001da8011a980, 0x000001da8011abd0]

GC Heap History (10 events):
Event: 23.156 GC heap before
{Heap before GC invocations=22 (full 10):
 PSYoungGen      total 153088K, used 160K [0x00000000eab00000, 0x00000000f5580000, 0x0000000100000000)
  eden space 131584K, 0% used [0x00000000eab00000,0x00000000eab00000,0x00000000f2b80000)
  from space 21504K, 0% used [0x00000000f4080000,0x00000000f40a8000,0x00000000f5580000)
  to   space 21504K, 0% used [0x00000000f2b80000,0x00000000f2b80000,0x00000000f4080000)
 ParOldGen       total 349696K, used 72536K [0x00000000c0000000, 0x00000000d5580000, 0x00000000eab00000)
  object space 349696K, 20% used [0x00000000c0000000,0x00000000c46d62e8,0x00000000d5580000)
 Metaspace       used 13422K, capacity 14046K, committed 14336K, reserved 1060864K
  class space    used 2049K, capacity 2214K, committed 2304K, reserved 1048576K
Event: 23.294 GC heap after
Heap after GC invocations=22 (full 10):
 PSYoungGen      total 153088K, used 0K [0x00000000eab00000, 0x00000000f5580000, 0x0000000100000000)
  eden space 131584K, 0% used [0x00000000eab00000,0x00000000eab00000,0x00000000f2b80000)
  from space 21504K, 0% used [0x00000000f4080000,0x00000000f4080000,0x00000000f5580000)
  to   space 21504K, 0% used [0x00000000f2b80000,0x00000000f2b80000,0x00000000f4080000)
 ParOldGen       total 349696K, used 72389K [0x00000000c0000000, 0x00000000d5580000, 0x00000000eab00000)
  object space 349696K, 20% used [0x00000000c0000000,0x00000000c46b1528,0x00000000d5580000)
 Metaspace       used 13422K, capacity 14046K, committed 14336K, reserved 1060864K
  class space    used 2049K, capacity 2214K, committed 2304K, reserved 1048576K
}
Event: 23.586 GC heap before
{Heap before GC invocations=23 (full 10):
 PSYoungGen      total 153088K, used 3065K [0x00000000eab00000, 0x00000000f5580000, 0x0000000100000000)
  eden space 131584K, 2% used [0x00000000eab00000,0x00000000eadfe790,0x00000000f2b80000)
  from space 21504K, 0% used [0x00000000f4080000,0x00000000f4080000,0x00000000f5580000)
  to   space 21504K, 0% used [0x00000000f2b80000,0x00000000f2b80000,0x00000000f4080000)
 ParOldGen       total 349696K, used 72389K [0x00000000c0000000, 0x00000000d5580000, 0x00000000eab00000)
  object space 349696K, 20% used [0x00000000c0000000,0x00000000c46b1528,0x00000000d5580000)
 Metaspace       used 13433K, capacity 14052K, committed 14336K, reserved 1060864K
  class space    used 2051K, capacity 2215K, committed 2304K, reserved 1048576K
Event: 23.587 GC heap after
Heap after GC invocations=23 (full 10):
 PSYoungGen      total 153088K, used 160K [0x00000000eab00000, 0x00000000f5580000, 0x0000000100000000)
  eden space 131584K, 0% used [0x00000000eab00000,0x00000000eab00000,0x00000000f2b80000)
  from space 21504K, 0% used [0x00000000f2b80000,0x00000000f2ba8000,0x00000000f4080000)
  to   space 21504K, 0% used [0x00000000f4080000,0x00000000f4080000,0x00000000f5580000)
 ParOldGen       total 349696K, used 72397K [0x00000000c0000000, 0x00000000d5580000, 0x00000000eab00000)
  object space 349696K, 20% used [0x00000000c0000000,0x00000000c46b3528,0x00000000d5580000)
 Metaspace       used 13433K, capacity 14052K, committed 14336K, reserved 1060864K
  class space    used 2051K, capacity 2215K, committed 2304K, reserved 1048576K
}
Event: 23.587 GC heap before
{Heap before GC invocations=24 (full 11):
 PSYoungGen      total 153088K, used 160K [0x00000000eab00000, 0x00000000f5580000, 0x0000000100000000)
  eden space 131584K, 0% used [0x00000000eab00000,0x00000000eab00000,0x00000000f2b80000)
  from space 21504K, 0% used [0x00000000f2b80000,0x00000000f2ba8000,0x00000000f4080000)
  to   space 21504K, 0% used [0x00000000f4080000,0x00000000f4080000,0x00000000f5580000)
 ParOldGen       total 349696K, used 72397K [0x00000000c0000000, 0x00000000d5580000, 0x00000000eab00000)
  object space 349696K, 20% used [0x00000000c0000000,0x00000000c46b3528,0x00000000d5580000)
 Metaspace       used 13433K, capacity 14052K, committed 14336K, reserved 1060864K
  class space    used 2051K, capacity 2215K, committed 2304K, reserved 1048576K
Event: 23.715 GC heap after
Heap after GC invocations=24 (full 11):
 PSYoungGen      total 153088K, used 0K [0x00000000eab00000, 0x00000000f5580000, 0x0000000100000000)
  eden space 131584K, 0% used [0x00000000eab00000,0x00000000eab00000,0x00000000f2b80000)
  from space 21504K, 0% used [0x00000000f2b80000,0x00000000f2b80000,0x00000000f4080000)
  to   space 21504K, 0% used [0x00000000f4080000,0x00000000f4080000,0x00000000f5580000)
 ParOldGen       total 349696K, used 72422K [0x00000000c0000000, 0x00000000d5580000, 0x00000000eab00000)
  object space 349696K, 20% used [0x00000000c0000000,0x00000000c46b9b20,0x00000000d5580000)
 Metaspace       used 13433K, capacity 14052K, committed 14336K, reserved 1060864K
  class space    used 2051K, capacity 2215K, committed 2304K, reserved 1048576K
}
Event: 11534.203 GC heap before
{Heap before GC invocations=25 (full 11):
 PSYoungGen      total 153088K, used 10721K [0x00000000eab00000, 0x00000000f5580000, 0x0000000100000000)
  eden space 131584K, 8% used [0x00000000eab00000,0x00000000eb578528,0x00000000f2b80000)
  from space 21504K, 0% used [0x00000000f2b80000,0x00000000f2b80000,0x00000000f4080000)
  to   space 21504K, 0% used [0x00000000f4080000,0x00000000f4080000,0x00000000f5580000)
 ParOldGen       total 349696K, used 72422K [0x00000000c0000000, 0x00000000d5580000, 0x00000000eab00000)
  object space 349696K, 20% used [0x00000000c0000000,0x00000000c46b9b20,0x00000000d5580000)
 Metaspace       used 13674K, capacity 14336K, committed 14592K, reserved 1060864K
  class space    used 2052K, capacity 2215K, committed 2304K, reserved 1048576K
Event: 11534.204 GC heap after
Heap after GC invocations=25 (full 11):
 PSYoungGen      total 153088K, used 160K [0x00000000eab00000, 0x00000000f5580000, 0x0000000100000000)
  eden space 131584K, 0% used [0x00000000eab00000,0x00000000eab00000,0x00000000f2b80000)
  from space 21504K, 0% used [0x00000000f4080000,0x00000000f40a8000,0x00000000f5580000)
  to   space 21504K, 0% used [0x00000000f2b80000,0x00000000f2b80000,0x00000000f4080000)
 ParOldGen       total 349696K, used 72430K [0x00000000c0000000, 0x00000000d5580000, 0x00000000eab00000)
  object space 349696K, 20% used [0x00000000c0000000,0x00000000c46bbb20,0x00000000d5580000)
 Metaspace       used 13674K, capacity 14336K, committed 14592K, reserved 1060864K
  class space    used 2052K, capacity 2215K, committed 2304K, reserved 1048576K
}
Event: 11534.204 GC heap before
{Heap before GC invocations=26 (full 12):
 PSYoungGen      total 153088K, used 160K [0x00000000eab00000, 0x00000000f5580000, 0x0000000100000000)
  eden space 131584K, 0% used [0x00000000eab00000,0x00000000eab00000,0x00000000f2b80000)
  from space 21504K, 0% used [0x00000000f4080000,0x00000000f40a8000,0x00000000f5580000)
  to   space 21504K, 0% used [0x00000000f2b80000,0x00000000f2b80000,0x00000000f4080000)
 ParOldGen       total 349696K, used 72430K [0x00000000c0000000, 0x00000000d5580000, 0x00000000eab00000)
  object space 349696K, 20% used [0x00000000c0000000,0x00000000c46bbb20,0x00000000d5580000)
 Metaspace       used 13674K, capacity 14336K, committed 14592K, reserved 1060864K
  class space    used 2052K, capacity 2215K, committed 2304K, reserved 1048576K
Event: 11534.324 GC heap after
Heap after GC invocations=26 (full 12):
 PSYoungGen      total 153088K, used 0K [0x00000000eab00000, 0x00000000f5580000, 0x0000000100000000)
  eden space 131584K, 0% used [0x00000000eab00000,0x00000000eab00000,0x00000000f2b80000)
  from space 21504K, 0% used [0x00000000f4080000,0x00000000f4080000,0x00000000f5580000)
  to   space 21504K, 0% used [0x00000000f2b80000,0x00000000f2b80000,0x00000000f4080000)
 ParOldGen       total 349696K, used 71512K [0x00000000c0000000, 0x00000000d5580000, 0x00000000eab00000)
  object space 349696K, 20% used [0x00000000c0000000,0x00000000c45d62d8,0x00000000d5580000)
 Metaspace       used 13658K, capacity 14308K, committed 14592K, reserved 1060864K
  class space    used 2047K, capacity 2205K, committed 2304K, reserved 1048576K
}

Deoptimization events (10 events):
Event: 27.234 Thread 0x000001dafa067800 Uncommon trap: reason=bimorphic action=maybe_recompile pc=0x000001da805a3868 method=scala.runtime.Statics.anyHash(Ljava/lang/Object;)I @ 61
Event: 27.234 Thread 0x000001dafa067800 Uncommon trap: reason=bimorphic action=maybe_recompile pc=0x000001da805a5de8 method=scala.runtime.Statics.anyHash(Ljava/lang/Object;)I @ 61
Event: 27.234 Thread 0x000001dafa067800 Uncommon trap: reason=bimorphic action=maybe_recompile pc=0x000001da805a6728 method=scala.runtime.Statics.anyHash(Ljava/lang/Object;)I @ 61
Event: 27.234 Thread 0x000001dafa067800 Uncommon trap: reason=bimorphic action=maybe_recompile pc=0x000001da806181c4 method=scala.collection.IterableLike.foreach(Lscala/Function1;)V @ 1
Event: 27.235 Thread 0x000001dafa067800 Uncommon trap: reason=unstable_if action=reinterpret pc=0x000001da8078bf44 method=scala.collection.immutable.Set$Set3.contains(Ljava/lang/Object;)Z @ 8
Event: 30.050 Thread 0x000001dafa067800 Uncommon trap: reason=bimorphic action=maybe_recompile pc=0x000001da806181c4 method=scala.collection.IterableLike.foreach(Lscala/Function1;)V @ 1
Event: 141.684 Thread 0x000001dafa067800 Uncommon trap: reason=bimorphic action=maybe_recompile pc=0x000001da806181c4 method=scala.collection.IterableLike.foreach(Lscala/Function1;)V @ 1
Event: 514.238 Thread 0x000001dafa067800 Uncommon trap: reason=unstable_if action=reinterpret pc=0x000001da802065c0 method=java.util.HashMap.getNode(ILjava/lang/Object;)Ljava/util/HashMap$Node; @ 129
Event: 8633.135 Thread 0x000001dafa067800 Uncommon trap: reason=speculate_class_check action=maybe_recompile pc=0x000001da80490af0 method=scala.Array$.copy(Ljava/lang/Object;ILjava/lang/Object;II)V @ 33
Event: 8633.135 Thread 0x000001dafa067800 Uncommon trap: reason=speculate_class_check action=maybe_recompile pc=0x000001da80490af0 method=scala.Array$.copy(Ljava/lang/Object;ILjava/lang/Object;II)V @ 33

Classes redefined (0 events):
No events

Internal exceptions (10 events):
Event: 22.116 Thread 0x000001dafa067800 Exception <a 'java/lang/NoSuchMethodError': java.lang.Object.$anonfun$sorted$1$adapted([Ljava/lang/Object;Lscala/runtime/IntRef;Ljava/lang/Object;)Ljava/lang/Object;> (0x00000000ebeefb88) thrown at [C:\jenkins\workspace\8-2-build-windows-amd64-cygwin\jdk8
Event: 22.117 Thread 0x000001dafa067800 Exception <a 'java/lang/NoSuchMethodError': java.lang.Object.$anonfun$count$1$adapted(Lscala/Function1;Lscala/runtime/IntRef;Ljava/lang/Object;)Ljava/lang/Object;> (0x00000000ebef9050) thrown at [C:\jenkins\workspace\8-2-build-windows-amd64-cygwin\jdk8u29
Event: 22.201 Thread 0x000001dafa067800 Exception <a 'java/lang/NoSuchMethodError': java.lang.Object.$anonfun$sliding$1(Lscala/collection/IterableLike;Lscala/collection/Seq;)Ljava/lang/Object;> (0x00000000ee3d0838) thrown at [C:\jenkins\workspace\8-2-build-windows-amd64-cygwin\jdk8u291\1294\hot
Event: 22.206 Thread 0x000001dafa067800 Exception <a 'java/lang/NoSuchMethodError': java.lang.Object.$anonfun$sum$1(Lscala/math/Numeric;Ljava/lang/Object;Ljava/lang/Object;)Ljava/lang/Object;> (0x00000000ee4169c0) thrown at [C:\jenkins\workspace\8-2-build-windows-amd64-cygwin\jdk8u291\1294\hots
Event: 22.223 Thread 0x000001dafa067800 Exception <a 'java/lang/NoSuchMethodError': java.lang.Object.$anonfun$releaseVersion$1$adapted(Ljava/lang/String;)Ljava/lang/Object;> (0x00000000ee558580) thrown at [C:\jenkins\workspace\8-2-build-windows-amd64-cygwin\jdk8u291\1294\hotspot\src\share\vm\in
Event: 22.224 Thread 0x000001dafa067800 Exception <a 'java/lang/NoSuchMethodError': java.lang.Object.$anonfun$releaseVersion$2(Ljava/lang/String;)Ljava/lang/String;> (0x00000000ee562968) thrown at [C:\jenkins\workspace\8-2-build-windows-amd64-cygwin\jdk8u291\1294\hotspot\src\share\vm\interprete
Event: 22.225 Thread 0x000001dafa067800 Exception <a 'java/lang/NoSuchMethodError': java.lang.Object.$anonfun$developmentVersion$1$adapted(Ljava/lang/String;)Ljava/lang/Object;> (0x00000000ee566b00) thrown at [C:\jenkins\workspace\8-2-build-windows-amd64-cygwin\jdk8u291\1294\hotspot\src\share\v
Event: 22.225 Thread 0x000001dafa067800 Exception <a 'java/lang/NoSuchMethodError': java.lang.Object.$anonfun$developmentVersion$2(Lscala/util/PropertiesTrait;Ljava/lang/String;)Lscala/Option;> (0x00000000ee56a8c8) thrown at [C:\jenkins\workspace\8-2-build-windows-amd64-cygwin\jdk8u291\1294\hot
Event: 22.247 Thread 0x000001dafa067800 Exception <a 'java/lang/NoSuchMethodError': java.lang.Object.$anonfun$distinct$1(Lscala/collection/mutable/Builder;Lscala/collection/mutable/HashSet;Ljava/lang/Object;)Ljava/lang/Object;> (0x00000000ee60b280) thrown at [C:\jenkins\workspace\8-2-build-wind
Event: 23.078 Thread 0x000001dafa067800 Exception <a 'java/lang/NoSuchMethodError': java.lang.Object.$anonfun$filterImpl$1(Lscala/Function1;ZLscala/collection/mutable/Builder;Ljava/lang/Object;)Ljava/lang/Object;> (0x00000000eab45790) thrown at [C:\jenkins\workspace\8-2-build-windows-amd64-cygw

Events (10 events):
Event: 11094.138 Thread 0x000001daf1900000 flushing nmethod 0x000001da8042f290
Event: 11094.138 Thread 0x000001daf1900000 flushing nmethod 0x000001da8042f5d0
Event: 11094.138 Thread 0x000001daf1900000 flushing nmethod 0x000001da80430810
Event: 11094.138 Thread 0x000001daf1900000 flushing nmethod 0x000001da804367d0
Event: 11094.138 Thread 0x000001daf1900000 flushing nmethod 0x000001da80440c10
Event: 11094.138 Thread 0x000001daf1900000 flushing nmethod 0x000001da80441150
Event: 11094.138 Thread 0x000001daf1900000 flushing nmethod 0x000001da8044ded0
Event: 11094.138 Thread 0x000001daf1900000 flushing nmethod 0x000001da8044e810
Event: 11534.203 Executing VM operation: ParallelGCSystemGC
Event: 11534.324 Executing VM operation: ParallelGCSystemGC done


Dynamic libraries:
0x00007ff670e50000 - 0x00007ff670e6c000 	C:\ProgramData\Anaconda3\python.exe
0x00007ffa1f2d0000 - 0x00007ffa1f4c7000 	C:\Windows\SYSTEM32\ntdll.dll
0x00007ffa1d7d0000 - 0x00007ffa1d88d000 	C:\Windows\System32\KERNEL32.DLL
0x00007ffa1ca80000 - 0x00007ffa1cd4d000 	C:\Windows\System32\KERNELBASE.dll
0x00007ffa1cd80000 - 0x00007ffa1ce80000 	C:\Windows\System32\ucrtbase.dll
0x00007ffa0ae10000 - 0x00007ffa0ae29000 	C:\ProgramData\Anaconda3\VCRUNTIME140.dll
0x00007ff9f8fc0000 - 0x00007ff9f9383000 	C:\ProgramData\Anaconda3\python37.dll
0x00007ffa1ed80000 - 0x00007ffa1edd5000 	C:\Windows\System32\SHLWAPI.dll
0x00007ffa1d460000 - 0x00007ffa1d4fe000 	C:\Windows\System32\msvcrt.dll
0x00007ffa1dd40000 - 0x00007ffa1ddab000 	C:\Windows\System32\WS2_32.dll
0x00007ffa16cb0000 - 0x00007ffa16cba000 	C:\Windows\SYSTEM32\VERSION.dll
0x00007ffa1ddb0000 - 0x00007ffa1ded5000 	C:\Windows\System32\RPCRT4.dll
0x00007ffa1e0f0000 - 0x00007ffa1e19e000 	C:\Windows\System32\ADVAPI32.dll
0x00007ffa1ede0000 - 0x00007ffa1ee7c000 	C:\Windows\System32\sechost.dll
0x00007ffa1c3a0000 - 0x00007ffa1c3b8000 	C:\Windows\SYSTEM32\CRYPTSP.dll
0x00007ffa1bac0000 - 0x00007ffa1baf4000 	C:\Windows\system32\rsaenh.dll
0x00007ffa1cd50000 - 0x00007ffa1cd77000 	C:\Windows\System32\bcrypt.dll
0x00007ffa1c3c0000 - 0x00007ffa1c3cc000 	C:\Windows\SYSTEM32\CRYPTBASE.dll
0x00007ffa1c9f0000 - 0x00007ffa1ca72000 	C:\Windows\System32\bcryptPrimitives.dll
0x00007ffa18100000 - 0x00007ffa1810f000 	C:\ProgramData\Anaconda3\python3.dll
0x00007ff9fa250000 - 0x00007ff9fa265000 	C:\ProgramData\Anaconda3\DLLs\_socket.pyd
0x00007ffa08d80000 - 0x00007ffa08d89000 	C:\ProgramData\Anaconda3\DLLs\select.pyd
0x00007ff9f8f70000 - 0x00007ff9f8f8f000 	C:\ProgramData\Anaconda3\DLLs\_ssl.pyd
0x00007ffa1cf70000 - 0x00007ffa1d0c6000 	C:\Windows\System32\CRYPT32.dll
0x00007ff9f1b10000 - 0x00007ff9f1e5c000 	C:\ProgramData\Anaconda3\Library\bin\libcrypto-1_1-x64.dll
0x00007ff9f47f0000 - 0x00007ff9f489c000 	C:\ProgramData\Anaconda3\Library\bin\libssl-1_1-x64.dll
0x00007ffa1d9c0000 - 0x00007ffa1db60000 	C:\Windows\System32\USER32.dll
0x00007ffa1d0d0000 - 0x00007ffa1d0f2000 	C:\Windows\System32\win32u.dll
0x00007ffa1dfb0000 - 0x00007ffa1dfda000 	C:\Windows\System32\GDI32.dll
0x00007ffa1d100000 - 0x00007ffa1d20b000 	C:\Windows\System32\gdi32full.dll
0x00007ffa1ce80000 - 0x00007ffa1cf1d000 	C:\Windows\System32\msvcp_win.dll
0x00007ffa1df70000 - 0x00007ffa1dfa0000 	C:\Windows\System32\IMM32.DLL
0x00007ff9f64f0000 - 0x00007ff9f6504000 	C:\ProgramData\Anaconda3\DLLs\_asyncio.pyd
0x00007ff9f6e90000 - 0x00007ff9f6e9d000 	C:\ProgramData\Anaconda3\DLLs\_overlapped.pyd
0x00007ffa1c1b0000 - 0x00007ffa1c21a000 	C:\Windows\system32\mswsock.dll
0x00007ffa06770000 - 0x00007ffa06788000 	C:\ProgramData\Anaconda3\DLLs\_bz2.pyd
0x00007ff9f6460000 - 0x00007ff9f64a1000 	C:\ProgramData\Anaconda3\DLLs\_lzma.pyd
0x00007ffa08dd0000 - 0x00007ffa08ddd000 	C:\ProgramData\Anaconda3\DLLs\_hashlib.pyd
0x00007ff9fa880000 - 0x00007ff9fa889000 	C:\ProgramData\Anaconda3\DLLs\_queue.pyd
0x00007ff9c4a00000 - 0x00007ff9c4a9f000 	C:\ProgramData\Anaconda3\lib\site-packages\zmq\libzmq.cp37-win_amd64.pyd
0x00007ffa061d0000 - 0x00007ffa0625e000 	C:\Windows\SYSTEM32\MSVCP140.dll
0x00007ffa1be50000 - 0x00007ffa1be8b000 	C:\Windows\SYSTEM32\IPHLPAPI.DLL
0x00007ffa06180000 - 0x00007ffa0618c000 	C:\Windows\SYSTEM32\VCRUNTIME140_1.dll
0x00007ff9f5f80000 - 0x00007ff9f5f95000 	C:\ProgramData\Anaconda3\lib\site-packages\zmq\backend\cython\constants.cp37-win_amd64.pyd
0x00007ff9f6080000 - 0x00007ff9f608c000 	C:\ProgramData\Anaconda3\lib\site-packages\zmq\backend\cython\error.cp37-win_amd64.pyd
0x00007ff9f5920000 - 0x00007ff9f5939000 	C:\ProgramData\Anaconda3\lib\site-packages\zmq\backend\cython\message.cp37-win_amd64.pyd
0x00007ff9f5900000 - 0x00007ff9f5914000 	C:\ProgramData\Anaconda3\lib\site-packages\zmq\backend\cython\context.cp37-win_amd64.pyd
0x00007ff9f47c0000 - 0x00007ff9f47e3000 	C:\ProgramData\Anaconda3\lib\site-packages\zmq\backend\cython\socket.cp37-win_amd64.pyd
0x00007ff9f5ad0000 - 0x00007ff9f5ade000 	C:\ProgramData\Anaconda3\lib\site-packages\zmq\backend\cython\utils.cp37-win_amd64.pyd
0x00007ff9f0240000 - 0x00007ff9f0253000 	C:\ProgramData\Anaconda3\lib\site-packages\zmq\backend\cython\_poll.cp37-win_amd64.pyd
0x00007ff9f4d60000 - 0x00007ff9f4d6c000 	C:\ProgramData\Anaconda3\lib\site-packages\zmq\backend\cython\_version.cp37-win_amd64.pyd
0x00007ff9ef650000 - 0x00007ff9ef661000 	C:\ProgramData\Anaconda3\lib\site-packages\zmq\backend\cython\_device.cp37-win_amd64.pyd
0x00007ff9f47b0000 - 0x00007ff9f47c0000 	C:\ProgramData\Anaconda3\lib\site-packages\zmq\backend\cython\_proxy_steerable.cp37-win_amd64.pyd
0x00007ff9f6fa0000 - 0x00007ff9f6fa7000 	C:\ProgramData\Anaconda3\lib\site-packages\tornado\speedups.cp37-win_amd64.pyd
0x00007ff9f8f90000 - 0x00007ff9f8fb3000 	C:\ProgramData\Anaconda3\DLLs\_ctypes.pyd
0x00007ffa1d330000 - 0x00007ffa1d45a000 	C:\Windows\System32\ole32.dll
0x00007ffa1ee80000 - 0x00007ffa1f1d4000 	C:\Windows\System32\combase.dll
0x00007ffa1d890000 - 0x00007ffa1d95d000 	C:\Windows\System32\OLEAUT32.dll
0x00007ff9ef600000 - 0x00007ff9ef644000 	C:\ProgramData\Anaconda3\DLLs\_decimal.pyd
0x00007ffa1e630000 - 0x00007ffa1ed74000 	C:\Windows\System32\shell32.DLL
0x00007ff9eeff0000 - 0x00007ff9ef007000 	C:\ProgramData\Anaconda3\DLLs\_sqlite3.pyd
0x00007ff9c2cf0000 - 0x00007ff9c2e55000 	C:\ProgramData\Anaconda3\Library\bin\sqlite3.dll
0x00007ff9f2220000 - 0x00007ff9f2328000 	C:\ProgramData\Anaconda3\DLLs\unicodedata.pyd
0x00007ff9e30c0000 - 0x00007ff9e30d6000 	C:\ProgramData\Anaconda3\lib\site-packages\psutil\_psutil_windows.cp37-win_amd64.pyd
0x00007ffa1dfa0000 - 0x00007ffa1dfa8000 	C:\Windows\System32\PSAPI.DLL
0x00007ffa1bfc0000 - 0x00007ffa1c00b000 	C:\Windows\SYSTEM32\POWRPROF.dll
0x00007ffa06490000 - 0x00007ffa064d9000 	C:\Windows\SYSTEM32\pdh.dll
0x00007ffa1be30000 - 0x00007ffa1be42000 	C:\Windows\SYSTEM32\UMPDC.dll
0x00007ffa185b0000 - 0x00007ffa185c4000 	C:\Windows\SYSTEM32\wtsapi32.dll
0x00007ff9f4720000 - 0x00007ff9f4752000 	C:\ProgramData\Anaconda3\DLLs\pyexpat.pyd
0x00007ff9f58d0000 - 0x00007ff9f58f3000 	C:\ProgramData\Anaconda3\lib\site-packages\win32\win32api.pyd
0x00007ff9ef670000 - 0x00007ff9ef694000 	C:\ProgramData\Anaconda3\Library\bin\pywintypes37.dll
0x00007ffa06710000 - 0x00007ffa0671c000 	C:\Windows\SYSTEM32\secur32.dll
0x00007ffa1c8b0000 - 0x00007ffa1c8e2000 	C:\Windows\SYSTEM32\SSPICLI.DLL
0x00007ffa142c0000 - 0x00007ffa142c7000 	C:\ProgramData\Anaconda3\lib\site-packages\win32\_win32sysloader.pyd
0x00007ff9daea0000 - 0x00007ff9daf2f000 	C:\ProgramData\Anaconda3\Library\bin\pythoncom37.dll
0x00007ffa1a830000 - 0x00007ffa1a842000 	C:\Windows\SYSTEM32\kernel.appcore.dll
0x00007ffa1a430000 - 0x00007ffa1a4ce000 	C:\Windows\system32\uxtheme.dll
0x00007ffa0f460000 - 0x00007ffa0f64c000 	C:\Windows\SYSTEM32\urlmon.dll
0x00007ffa0fa80000 - 0x00007ffa0fd31000 	C:\Windows\SYSTEM32\iertutil.dll
0x00007ffa0f430000 - 0x00007ffa0f458000 	C:\Windows\SYSTEM32\srvcli.dll
0x00007ffa1f1e0000 - 0x00007ffa1f28d000 	C:\Windows\System32\shcore.dll
0x00007ffa1bfb0000 - 0x00007ffa1bfbc000 	C:\Windows\SYSTEM32\netutils.dll
0x00007ff9c82b0000 - 0x00007ff9c830d000 	C:\ProgramData\Anaconda3\lib\site-packages\debugpy\_vendored\pydevd\_pydevd_bundle\pydevd_cython.cp37-win_amd64.pyd
0x00007ff9f4760000 - 0x00007ff9f4767000 	C:\Windows\system32\wshunix.dll
0x00007ffa1dd30000 - 0x00007ffa1dd38000 	C:\Windows\System32\NSI.dll
0x00007ffa16bd0000 - 0x00007ffa16be7000 	C:\Windows\SYSTEM32\dhcpcsvc6.DLL
0x00007ffa16d20000 - 0x00007ffa16d3d000 	C:\Windows\SYSTEM32\dhcpcsvc.DLL
0x00007ffa1be90000 - 0x00007ffa1bf5b000 	C:\Windows\SYSTEM32\DNSAPI.dll
0x00007ff9f1ab0000 - 0x00007ff9f1ad5000 	C:\ProgramData\Anaconda3\lib\site-packages\win32\win32security.pyd
0x00007ffa06260000 - 0x00007ffa0627a000 	C:\Windows\SYSTEM32\NETAPI32.dll
0x000001dadf7d0000 - 0x000001dadf7d3000 	C:\Windows\SYSTEM32\security.dll
0x00007ff9f77d0000 - 0x00007ff9f77fa000 	C:\Windows\SYSTEM32\ntdsapi.dll
0x00007ffa1bf60000 - 0x00007ffa1bfa4000 	C:\Windows\SYSTEM32\LOGONCLI.DLL
0x00007ff9f2080000 - 0x00007ff9f2093000 	C:\ProgramData\Anaconda3\DLLs\_tkinter.pyd
0x00007ff9b27d0000 - 0x00007ff9b2937000 	C:\ProgramData\Anaconda3\DLLs\tk86t.dll
0x00007ff9b2940000 - 0x00007ff9b2ae4000 	C:\ProgramData\Anaconda3\DLLs\tcl86t.dll
0x00007ffa1dc50000 - 0x00007ffa1dd2b000 	C:\Windows\System32\COMDLG32.dll
0x00007ffa1c8f0000 - 0x00007ffa1c91e000 	C:\Windows\SYSTEM32\USERENV.dll
0x00007ffa0b670000 - 0x00007ffa0b90a000 	C:\Windows\WinSxS\amd64_microsoft.windows.common-controls_6595b64144ccf1df_6.0.19041.1110_none_60b5254171f9507e\COMCTL32.dll
0x00007ffa16a10000 - 0x00007ffa16a29000 	C:\Windows\SYSTEM32\SAMCLI.DLL
0x00007ffa1d500000 - 0x00007ffa1d615000 	C:\Windows\System32\MSCTF.dll
0x00007ff9f2070000 - 0x00007ff9f2079000 	C:\ProgramData\Anaconda3\tcl\reg1.3\tclreg13.dll
0x00007ffa12090000 - 0x00007ffa1213c000 	C:\Windows\System32\TextShaping.dll
0x00007ffa13e30000 - 0x00007ffa13f29000 	C:\Windows\SYSTEM32\textinputframework.dll
0x00007ffa19d00000 - 0x00007ffa1a05e000 	C:\Windows\System32\CoreUIComponents.dll
0x00007ffa1a060000 - 0x00007ffa1a152000 	C:\Windows\System32\CoreMessaging.dll
0x00007ffa1b6f0000 - 0x00007ffa1b723000 	C:\Windows\SYSTEM32\ntmarta.dll
0x00007ffa18960000 - 0x00007ffa18ab4000 	C:\Windows\SYSTEM32\wintypes.dll
0x00007ffa1e040000 - 0x00007ffa1e0e9000 	C:\Windows\System32\clbcatq.dll
0x00007ff9f4c80000 - 0x00007ff9f4d51000 	C:\Windows\System32\IME\IMEKR\imkrtip.dll
0x00007ffa18430000 - 0x00007ffa18526000 	C:\Windows\SYSTEM32\PROPSYS.dll
0x00007ff9f4b30000 - 0x00007ff9f4c72000 	C:\Windows\System32\IME\shared\imetip.dll
0x00007ffa0b600000 - 0x00007ffa0b666000 	C:\Windows\SYSTEM32\OLEACC.dll
0x00007ff9f4980000 - 0x00007ff9f4b2e000 	C:\Windows\SYSTEM32\DUI70.dll
0x00007ff9f6bc0000 - 0x00007ff9f6c01000 	C:\Windows\System32\IME\IMEKR\imkrapi.dll
0x00007ffa17390000 - 0x00007ffa17430000 	C:\Windows\SYSTEM32\policymanager.dll
0x00007ffa1bb50000 - 0x00007ffa1bbda000 	C:\Windows\SYSTEM32\msvcp110_win.dll
0x00007ff9f6ee0000 - 0x00007ff9f6f1e000 	C:\Windows\System32\IME\shared\imjkapi.dll
0x00007ff9f2210000 - 0x00007ff9f2217000 	C:\ProgramData\Anaconda3\lib\site-packages\mkl\_mklinit.cp37-win_amd64.pyd
0x00007ff9b0cd0000 - 0x00007ff9b2069000 	C:\ProgramData\Anaconda3\Library\bin\mkl_rt.1.dll
0x00007ff9eefd0000 - 0x00007ff9eefef000 	C:\ProgramData\Anaconda3\lib\site-packages\mkl\_py_mkl_service.cp37-win_amd64.pyd
0x00007ff9c04f0000 - 0x00007ff9c07e4000 	C:\ProgramData\Anaconda3\lib\site-packages\numpy\core\_multiarray_umath.cp37-win_amd64.pyd
0x00007ff9eeaf0000 - 0x00007ff9eeb10000 	C:\ProgramData\Anaconda3\lib\site-packages\numpy\core\_multiarray_tests.cp37-win_amd64.pyd
0x00007ff9f1a40000 - 0x00007ff9f1a49000 	C:\ProgramData\Anaconda3\lib\site-packages\numpy\linalg\lapack_lite.cp37-win_amd64.pyd
0x00007ff9ee230000 - 0x00007ff9ee25a000 	C:\ProgramData\Anaconda3\lib\site-packages\numpy\linalg\_umath_linalg.cp37-win_amd64.pyd
0x00007ff9eead0000 - 0x00007ff9eeaf0000 	C:\ProgramData\Anaconda3\lib\site-packages\numpy\fft\_pocketfft_internal.cp37-win_amd64.pyd
0x00007ff9c2a30000 - 0x00007ff9c2ac4000 	C:\ProgramData\Anaconda3\lib\site-packages\numpy\random\mtrand.cp37-win_amd64.pyd

VM Arguments:
jvm_args: -Dfile.encoding=UTF8 -ea -Xmx1024m 
java_command: <unknown>
java_class_path (initial): C:\ProgramData\Anaconda3\lib\site-packages\konlpy\java;C:\ProgramData\Anaconda3\lib\site-packages\konlpy\java\bin;C:\ProgramData\Anaconda3\lib\site-packages\konlpy\java\aho-corasick.jar;C:\ProgramData\Anaconda3\lib\site-packages\konlpy\java\jhannanum-0.8.4.jar;C:\ProgramData\Anaconda3\lib\site-packages\konlpy\java\kkma-2.0.jar;C:\ProgramData\Anaconda3\lib\site-packages\konlpy\java\komoran-3.0.jar;C:\ProgramData\Anaconda3\lib\site-packages\konlpy\java\open-korean-text-2.1.0.jar;C:\ProgramData\Anaconda3\lib\site-packages\konlpy\java\scala-library-2.12.3.jar;C:\ProgramData\Anaconda3\lib\site-packages\konlpy\java\shineware-common-1.0.jar;C:\ProgramData\Anaconda3\lib\site-packages\konlpy\java\shineware-ds-1.0.jar;C:\ProgramData\Anaconda3\lib\site-packages\konlpy\java\snakeyaml-1.12.jar;C:\ProgramData\Anaconda3\lib\site-packages\konlpy\java\twitter-text-1.14.7.jar;C:\ProgramData\Anaconda3\lib\site-packages\konlpy\java\jhannanum-0.8.4.jar;C:\ProgramData\Anaconda3\lib\site-packages\konlpy\java\kkma-2.0.jar;C:\ProgramData\Anaconda3\lib\site-packages\konlpy\java\aho-corasick.jar;C:\ProgramData\Anaconda3\lib\site-packages\konlpy\java\shineware-common-1.0.jar;C:\ProgramData\Anaconda3\lib\site-packages\konlpy\java\shineware-ds-1.0.jar;C:\ProgramData\Anaconda3\lib\site-packages\konlpy\java\komoran-3.0.jar;C:\ProgramData\Anaconda3\lib\site-packages\konlpy\java\snakeyaml-1.12.jar;C:\ProgramData\Anaconda3\lib\site-packages\konlpy\java\scala-library-2.12.3.jar;C:\ProgramData\Anaconda3\lib\site-packages\konlpy\java\open-korean-text-2.1.0.jar;C:\ProgramData\Anaconda3\lib\site-packages\konlpy\java\twitter-text-1.14.7.jar;C:\ProgramData\Anaconda3\lib\site-packages\konlpy\java\aho-corasick.jar;C:\ProgramData\Anaconda3\lib\site-packages\konlpy\java\jhannanum-0.8.4.jar;C:\ProgramData\Anaconda3\lib\site-packages\konlpy\java\kkma-2.0.jar;C:\ProgramData\Anaconda3\lib\site-packages\konlpy\java\komoran-3.0.jar;C:\ProgramData\Anaconda3\lib\site-packages\konlpy\java\op
Launcher Type: generic

Environment Variables:
JAVA_HOME=C:\Program Files\Java\jdk1.8.0_291\bin
PATH=C:\ProgramData\Anaconda3;C:\ProgramData\Anaconda3\Library\mingw-w64\bin;C:\ProgramData\Anaconda3\Library\usr\bin;C:\ProgramData\Anaconda3\Library\bin;C:\ProgramData\Anaconda3\Scripts;C:\Program Files\Common Files\Oracle\Java\javapath;C:\Program Files (x86)\Common Files\Oracle\Java\javapath;C:\Windows\system32;C:\Windows;C:\Windows\System32\Wbem;C:\Windows\System32\WindowsPowerShell\v1.0\;C:\Windows\System32\OpenSSH\;c:\Program Files (x86)\Microsoft SQL Server\100\Tools\Binn\;c:\Program Files\Microsoft SQL Server\100\Tools\Binn\;c:\Program Files\Microsoft SQL Server\100\DTS\Binn\;C:\Program Files\Git\cmd;C:\Program Files\Graphviz\bin;C:\Program Files\PuTTY\;C:\Users\hi\AppData\Local\Microsoft\WindowsApps;C:\Users\hi\AppData\Local\Programs\Microsoft VS Code\bin;C:\Users\hi\AppData\Local\GitHubDesktop\bin;C:\Program Files\MySQL\MySQL Server 5.5\bin;C:\Users\hi\AppData\Local\Programs\Python\Python37;C:\Users\hi\AppData\Local\Programs\Python\Python37\Scripts;C:\Program Files\Graphviz\bin;C:\Program Files\JetBrains\PyCharm 2022.1.1\bin;;;C:\ProgramData\Anaconda3\lib\site-packages\numpy\.libs;C:\ProgramData\Anaconda3\lib\site-packages\numpy\.libs;C:\ProgramData\Anaconda3\lib\site-packages\scipy\.libs
USERNAME=hi
OS=Windows_NT
PROCESSOR_IDENTIFIER=Intel64 Family 6 Model 94 Stepping 3, GenuineIntel



---------------  S Y S T E M  ---------------

OS: Windows 10.0 , 64 bit Build 19041 (10.0.19041.1741)

CPU:total 4 (initial active 4) (4 cores per cpu, 1 threads per core) family 6 model 94 stepping 3, cmov, cx8, fxsr, mmx, sse, sse2, sse3, ssse3, sse4.1, sse4.2, popcnt, avx, avx2, aes, clmul, erms, rtm, 3dnowpref, lzcnt, tsc, tscinvbit, bmi1, bmi2, adx

Memory: 4k page, physical 33512148k(23551040k free), swap 38492884k(19376208k free)

vm_info: Java HotSpot(TM) 64-Bit Server VM (25.291-b10) for windows-amd64 JRE (1.8.0_291-b10), built on Apr  9 2021 00:02:00 by "java_re" with MS VC++ 15.9 (VS2017)

time: Fri Jun 17 16:17:28 2022
timezone: 대한민국 표준시
elapsed time: 11535.106218 seconds (0d 3h 12m 15s)

